IQ-TREE multicore version 1.6.12 for Linux 64-bit built Aug 15 2019
Developed by Bui Quang Minh, Nguyen Lam Tung, Olga Chernomor,
Heiko Schmidt, Dominik Schrempf, Michael Woodhams.

Host:    instance-1 (AVX2, FMA3, 29 GB RAM)
Command: iqtree -s hap2.mafft_aln.fasta -m LG
Seed:    155300 (Using SPRNG - Scalable Parallel Random Number Generator)
Time:    Thu Jan 30 22:30:20 2020
Kernel:  AVX+FMA - 1 threads (8 CPU cores detected)

HINT: Use -nt option to specify number of threads because your CPU has 8 cores!
HINT: -nt AUTO will automatically determine the best number of threads to use.

Reading alignment file hap2.mafft_aln.fasta ... Fasta format detected
Alignment most likely contains protein sequences
Alignment has 74 sequences with 1655 columns, 1459 distinct patterns
849 parsimony-informative, 351 singleton sites, 455 constant sites
             Gap/Ambiguity  Composition  p-value
   1  ARATH26614    57.40%    passed     95.57%
   2  ICHMU00745    68.28%    failed      0.00%
   3  ICHMG07310    68.28%    failed      0.00%
   4  TETTS02693    56.80%    failed      0.00%
   5  PSEPJ02990    55.71%    failed      0.00%
   6  POLPP02182    57.82%    failed      0.00%
   7  DICDI03960    65.44%    failed      0.00%
   8  DICPU08696    60.66%    failed      0.00%
   9  BODSA09965    59.52%    failed      0.00%
  10  LEIBR00777    45.32%    failed      0.00%
  11  TRYCC07250    64.47%    failed      0.61%
  12  TRYB200995    62.66%    failed      0.01%
  13  NAEGR09551    62.84%    failed      0.00%
  14  CYAME00604    57.22%    failed      0.00%
  15  CYAM104693    57.22%    failed      0.00%
  16  ORYBR30285    57.28%    passed     63.88%
  17  ORYGL19355    56.56%    failed      0.02%
  18  ORYSI24865    67.85%    failed      0.01%
  19  ORYSJ22678    56.37%    failed      0.05%
  20  BRADI23061    61.03%    failed      0.09%
  21  HORVV126779   56.13%    failed      1.97%
  22  AEGTA16793    61.57%    passed     28.84%
  23  ERATE23368    66.83%    failed      0.88%
  24  SORBI14018    55.71%    passed      6.10%
  25  MAIZE29959    55.53%    failed      0.25%
  26  SETIT04466    55.47%    failed      0.42%
  27  NICAT17634    48.88%    passed     45.03%
  28  SOLLC30910    63.44%    passed     34.10%
  29  CUCSA14784    60.00%    passed     98.72%
  30  MEDTR24375    55.35%    passed     63.30%
  31  PHAVU09099    54.68%    passed     81.44%
  32  PHAAN05400    56.92%    passed     80.27%
  33  LUPAN02887    62.72%    passed     81.92%
  34  POPTR27565    57.16%    passed     97.85%
  35  PRUPE01558    58.61%    passed     92.89%
  36  ARAAL13164    48.64%    passed     82.39%
  37  BRARP40741    58.91%    passed     97.42%
  38  BRANA93064    58.13%    passed     97.36%
  39  BRAOL50779    55.05%    passed     88.33%
  40  ARALY23192    57.22%    passed     92.71%
  41  THECC12418    55.41%    passed     75.43%
  42  COCAP18490    57.16%    passed     28.64%
  43  GOSAR31066    56.92%    passed     98.19%
  44  GOSRA46123    56.92%    passed     92.74%
  45  VITVI23490    50.57%    passed     68.05%
  46  SELML21516    65.86%    failed      0.00%
  47  PARTE05201    58.61%    failed      0.00%
  48  PARTE06261    58.61%    failed      0.00%
  49  HYDVU01784    59.34%    failed      0.00%
  50  HYDVU16662    56.74%    failed      0.00%
  51  ORYLO07186    52.75%    failed      0.05%
  52  ORYLO14359    65.74%    passed     38.82%
  53  ORYPU21343    60.54%    failed      0.05%
  54  ORYPU32013    56.86%    failed      0.37%
  55  ORYRU25304    59.03%    failed      0.07%
  56  ORYRU38002    54.74%    failed      1.16%
  57  ORYNI24757    59.52%    failed      0.02%
  58  ORYNI37447    62.30%    passed     47.31%
  59  WHEAT81026    62.54%    passed      7.09%
  60  WHEAT81028    58.43%    failed      2.21%
  61  WHEAT87894    56.44%    passed     12.28%
  62  WHEAT87896    57.70%    passed     14.27%
  63  WHEAT95040    56.44%    passed      6.01%
  64  CHEQI10104    67.73%    passed     25.33%
  65  CHEQI16567    68.04%    passed     14.84%
  66  CHEQI32809    68.76%    passed     25.36%
  67  SOYBN02660    60.97%    passed     92.24%
  68  SOYBN21946    57.52%    passed     81.84%
  69  SOYBN21949    59.09%    passed     85.67%
  70  SOYBN42891    57.40%    passed     84.73%
  71  MANES08056    57.70%    passed     89.56%
  72  MANES16598    63.20%    passed     99.94%
  73  GOSHI53031    57.52%    passed     96.20%
  74  GOSHI21416    56.74%    passed     97.89%
WARNING: 71 sequences contain more than 50% gaps/ambiguity
****  TOTAL         58.91%  34 sequences failed composition chi2 test (p-value<5%; df=19)
NOTE: ICHMG07310 is identical to ICHMU00745 but kept for subsequent analysis
NOTE: CYAM104693 is identical to CYAME00604 but kept for subsequent analysis

Create initial parsimony tree by phylogenetic likelihood library (PLL)... 0.028 seconds

NOTE: 16 MB RAM (0 GB) is required!
Estimate model parameters (epsilon = 0.100)
1. Initial log-likelihood: -52837.750
Optimal log-likelihood: -51005.294
Parameters optimization took 1 rounds (0.316 sec)
Computing ML distances based on estimated model parameters... 0.460 sec
Computing BIONJ tree...
0.005 seconds
Log-likelihood of BIONJ tree: -51119.246
--------------------------------------------------------------------
|             INITIALIZING CANDIDATE TREE SET                      |
--------------------------------------------------------------------
Generating 98 parsimony trees... 4.439 second
Computing log-likelihood of 98 initial trees ... 14.012 seconds
Current best score: -50982.527

Do NNI search on 20 best initial trees
Estimate model parameters (epsilon = 0.100)
BETTER TREE FOUND at iteration 1: -50972.521
Iteration 10 / LogL: -50972.908 / Time: 0h:0m:26s
Estimate model parameters (epsilon = 0.100)
BETTER TREE FOUND at iteration 12: -50968.554
Estimate model parameters (epsilon = 0.100)
BETTER TREE FOUND at iteration 15: -50968.318
Iteration 20 / LogL: -50968.356 / Time: 0h:0m:33s
Finish initializing candidate tree set (9)
Current best tree score: -50968.318 / CPU time: 32.380
Number of iterations: 20
--------------------------------------------------------------------
|               OPTIMIZING CANDIDATE TREE SET                      |
--------------------------------------------------------------------
Iteration 30 / LogL: -50972.524 / Time: 0h:0m:47s (0h:2m:19s left)
Iteration 40 / LogL: -50975.529 / Time: 0h:1m:1s (0h:1m:57s left)
Iteration 50 / LogL: -50972.740 / Time: 0h:1m:20s (0h:1m:46s left)
Iteration 60 / LogL: -50968.776 / Time: 0h:1m:40s (0h:1m:33s left)
Iteration 70 / LogL: -50968.848 / Time: 0h:1m:54s (0h:1m:14s left)
Iteration 80 / LogL: -50971.061 / Time: 0h:2m:8s (0h:0m:57s left)
Iteration 90 / LogL: -50968.354 / Time: 0h:2m:22s (0h:0m:40s left)
Iteration 100 / LogL: -50981.109 / Time: 0h:2m:36s (0h:0m:23s left)
Iteration 110 / LogL: -50987.823 / Time: 0h:2m:51s (0h:0m:7s left)
TREE SEARCH COMPLETED AFTER 116 ITERATIONS / Time: 0h:2m:59s

--------------------------------------------------------------------
|                    FINALIZING TREE SEARCH                        |
--------------------------------------------------------------------
Performs final model parameters optimization
Estimate model parameters (epsilon = 0.010)
1. Initial log-likelihood: -50968.318
Optimal log-likelihood: -50968.318
Parameters optimization took 1 rounds (0.126 sec)
BEST SCORE FOUND : -50968.318
Total tree length: 20.197

Total number of iterations: 116
CPU time used for tree search: 178.708 sec (0h:2m:58s)
Wall-clock time used for tree search: 178.790 sec (0h:2m:58s)
Total CPU time used: 180.016 sec (0h:3m:0s)
Total wall-clock time used: 180.108 sec (0h:3m:0s)

Analysis results written to: 
  IQ-TREE report:                hap2.mafft_aln.fasta.iqtree
  Maximum-likelihood tree:       hap2.mafft_aln.fasta.treefile
  Likelihood distances:          hap2.mafft_aln.fasta.mldist
  Screen log file:               hap2.mafft_aln.fasta.log

Date and Time: Thu Jan 30 22:33:20 2020
